[01-Mar-2026 12:56:56 Europe/Berlin] PHP Fatal error:  Uncaught Error: Call to undefined function generate_csrf() in C:\xammp2026\htdocs\ems\index.php:53
Stack trace:
#0 {main}
  thrown in C:\xammp2026\htdocs\ems\index.php on line 53
[01-Mar-2026 13:02:34 Europe/Berlin] PHP Fatal error:  Cannot redeclare escape() (previously declared in C:\xammp2026\htdocs\ems\config.php:83) in C:\xammp2026\htdocs\ems\config.php on line 83
[01-Mar-2026 13:02:40 Europe/Berlin] PHP Fatal error:  Cannot redeclare escape() (previously declared in C:\xammp2026\htdocs\ems\config.php:83) in C:\xammp2026\htdocs\ems\config.php on line 83
[01-Mar-2026 13:02:50 Europe/Berlin] PHP Fatal error:  Cannot redeclare escape() (previously declared in C:\xammp2026\htdocs\ems\config.php:83) in C:\xammp2026\htdocs\ems\config.php on line 83
[01-Mar-2026 13:03:23 Europe/Berlin] PHP Fatal error:  Cannot redeclare escape() (previously declared in C:\xammp2026\htdocs\ems\config.php:83) in C:\xammp2026\htdocs\ems\config.php on line 83
[01-Mar-2026 13:03:28 Europe/Berlin] PHP Fatal error:  Cannot redeclare escape() (previously declared in C:\xammp2026\htdocs\ems\config.php:83) in C:\xammp2026\htdocs\ems\config.php on line 83
[01-Mar-2026 13:04:21 Europe/Berlin] PHP Fatal error:  Cannot redeclare escape() (previously declared in C:\xammp2026\htdocs\ems\config.php:83) in C:\xammp2026\htdocs\ems\config.php on line 83
[01-Mar-2026 13:08:58 Europe/Berlin] PHP Fatal error:  Cannot redeclare escape() (previously declared in C:\xammp2026\htdocs\ems\config.php:83) in C:\xammp2026\htdocs\ems\config.php on line 83
[03-Mar-2026 14:29:59 Europe/Berlin] PHP Warning:  Undefined array key "form" in C:\xampp-v0.01\htdocs\ems\Equipments\equipments_types.php on line 194
[03-Mar-2026 14:29:59 Europe/Berlin] PHP Warning:  Undefined array key "form" in C:\xampp-v0.01\htdocs\ems\Equipments\equipments_types.php on line 194
[03-Mar-2026 14:29:59 Europe/Berlin] PHP Warning:  Undefined array key "form" in C:\xampp-v0.01\htdocs\ems\Equipments\equipments_types.php on line 194
[03-Mar-2026 14:29:59 Europe/Berlin] PHP Warning:  Undefined array key "form" in C:\xampp-v0.01\htdocs\ems\Equipments\equipments_types.php on line 194
[03-Mar-2026 16:23:39 Europe/Berlin] PHP Fatal error:  Uncaught mysqli_sql_exception: Unknown column 'role' in 'field list' in C:\xampp-v0.01\htdocs\ems\Approvals\test_system.php:115
Stack trace:
#0 C:\xampp-v0.01\htdocs\ems\Approvals\test_system.php(115): mysqli_query(Object(mysqli), 'SELECT entity_t...')
#1 {main}
  thrown in C:\xampp-v0.01\htdocs\ems\Approvals\test_system.php on line 115
[03-Mar-2026 16:24:02 Europe/Berlin] PHP Fatal error:  Uncaught mysqli_sql_exception: Unknown column 'role' in 'field list' in C:\xampp-v0.01\htdocs\ems\Approvals\test_system.php:118
Stack trace:
#0 C:\xampp-v0.01\htdocs\ems\Approvals\test_system.php(118): mysqli_query(Object(mysqli), 'SELECT entity_t...')
#1 {main}
  thrown in C:\xampp-v0.01\htdocs\ems\Approvals\test_system.php on line 118
[03-Mar-2026 16:25:55 Europe/Berlin] PHP Fatal error:  Uncaught mysqli_sql_exception: Unknown column 'status' in 'where clause' in C:\xampp-v0.01\htdocs\ems\Approvals\check_rules_table.php:21
Stack trace:
#0 C:\xampp-v0.01\htdocs\ems\Approvals\check_rules_table.php(21): mysqli_query(Object(mysqli), 'SELECT * FROM a...')
#1 {main}
  thrown in C:\xampp-v0.01\htdocs\ems\Approvals\check_rules_table.php on line 21
[04-Mar-2026 13:35:16 Europe/Berlin] PHP Fatal error:  Uncaught ArgumentCountError: The number of elements in the type definition string must match the number of bind variables in C:\xampp-v0.01\htdocs\ems\Settings\roles.php:47
Stack trace:
#0 C:\xampp-v0.01\htdocs\ems\Settings\roles.php(47): mysqli_stmt->bind_param('sii', '\xD9\x85\xD8\xAF\xD9\x8A\xD8\xB1 \xD9\x85\xD8\xB4\xD8\xA7...', NULL, 1, 1)
#1 {main}
  thrown in C:\xampp-v0.01\htdocs\ems\Settings\roles.php on line 47
[04-Mar-2026 13:35:44 Europe/Berlin] PHP Fatal error:  Uncaught ArgumentCountError: The number of elements in the type definition string must match the number of bind variables in C:\xampp-v0.01\htdocs\ems\Settings\roles.php:47
Stack trace:
#0 C:\xampp-v0.01\htdocs\ems\Settings\roles.php(47): mysqli_stmt->bind_param('sii', '\xD9\x85\xD8\xAF\xD9\x8A\xD8\xB1 \xD9\x85\xD8\xB4\xD8\xA7...', NULL, 1, 1)
#1 {main}
  thrown in C:\xampp-v0.01\htdocs\ems\Settings\roles.php on line 47
[04-Mar-2026 13:37:05 Europe/Berlin] PHP Fatal error:  Uncaught ArgumentCountError: The number of elements in the type definition string must match the number of bind variables in C:\xampp-v0.01\htdocs\ems\Settings\roles.php:47
Stack trace:
#0 C:\xampp-v0.01\htdocs\ems\Settings\roles.php(47): mysqli_stmt->bind_param('sii', '\xD9\x85\xD8\xAF\xD9\x8A\xD8\xB1 \xD9\x85\xD8\xB4\xD8\xA7...', NULL, 1, 1)
#1 {main}
  thrown in C:\xampp-v0.01\htdocs\ems\Settings\roles.php on line 47
[04-Mar-2026 15:00:21 Europe/Berlin] PHP Warning:  Undefined variable $where in C:\xampp-v0.01\htdocs\ems\Settings\modules.php on line 197
[04-Mar-2026 15:00:35 Europe/Berlin] PHP Warning:  Undefined variable $where in C:\xampp-v0.01\htdocs\ems\Settings\modules.php on line 197
[04-Mar-2026 15:00:39 Europe/Berlin] PHP Warning:  Undefined variable $where in C:\xampp-v0.01\htdocs\ems\Settings\modules.php on line 197
[04-Mar-2026 15:01:01 Europe/Berlin] PHP Warning:  Undefined variable $where in C:\xampp-v0.01\htdocs\ems\Settings\modules.php on line 196
[04-Mar-2026 15:01:31 Europe/Berlin] PHP Warning:  Undefined variable $where in C:\xampp-v0.01\htdocs\ems\Settings\modules.php on line 196
[04-Mar-2026 15:02:45 Europe/Berlin] PHP Warning:  Undefined variable $where in C:\xampp-v0.01\htdocs\ems\Settings\modules.php on line 196
[04-Mar-2026 15:02:53 Europe/Berlin] PHP Warning:  Undefined variable $where in C:\xampp-v0.01\htdocs\ems\Settings\modules.php on line 196
[04-Mar-2026 15:04:29 Europe/Berlin] PHP Warning:  Undefined variable $where in C:\xampp-v0.01\htdocs\ems\Settings\modules.php on line 196
[04-Mar-2026 15:05:42 Europe/Berlin] PHP Warning:  Undefined variable $where in C:\xampp-v0.01\htdocs\ems\Settings\modules.php on line 196
[04-Mar-2026 15:06:06 Europe/Berlin] PHP Warning:  Undefined variable $where in C:\xampp-v0.01\htdocs\ems\Settings\modules.php on line 196
[04-Mar-2026 15:12:26 Europe/Berlin] PHP Warning:  Undefined variable $where in C:\xampp-v0.01\htdocs\ems\Settings\modules.php on line 196
[04-Mar-2026 15:13:22 Europe/Berlin] PHP Warning:  Undefined variable $where in C:\xampp-v0.01\htdocs\ems\Settings\modules.php on line 196
[04-Mar-2026 15:14:01 Europe/Berlin] PHP Warning:  Undefined variable $where in C:\xampp-v0.01\htdocs\ems\Settings\modules.php on line 196
[04-Mar-2026 15:15:05 Europe/Berlin] PHP Warning:  Undefined variable $where in C:\xampp-v0.01\htdocs\ems\Settings\modules.php on line 196
[04-Mar-2026 15:15:51 Europe/Berlin] PHP Warning:  Undefined variable $where in C:\xampp-v0.01\htdocs\ems\Settings\modules.php on line 196
[04-Mar-2026 15:26:32 Europe/Berlin] PHP Warning:  Undefined variable $where in C:\xampp-v0.01\htdocs\ems\Settings\modules.php on line 196
[04-Mar-2026 15:26:34 Europe/Berlin] PHP Warning:  Undefined variable $where in C:\xampp-v0.01\htdocs\ems\Settings\modules.php on line 196
[04-Mar-2026 15:27:57 Europe/Berlin] PHP Warning:  include(conn.php): Failed to open stream: No such file or directory in C:\xampp-v0.01\htdocs\ems\insidebar.php on line 20
[04-Mar-2026 15:27:57 Europe/Berlin] PHP Warning:  include(): Failed opening 'conn.php' for inclusion (include_path='C:\xampp-v0.01\php\PEAR') in C:\xampp-v0.01\htdocs\ems\insidebar.php on line 20
[04-Mar-2026 15:27:59 Europe/Berlin] PHP Warning:  include(conn.php): Failed to open stream: No such file or directory in C:\xampp-v0.01\htdocs\ems\insidebar.php on line 20
[04-Mar-2026 15:27:59 Europe/Berlin] PHP Warning:  include(): Failed opening 'conn.php' for inclusion (include_path='C:\xampp-v0.01\php\PEAR') in C:\xampp-v0.01\htdocs\ems\insidebar.php on line 20
[04-Mar-2026 15:28:00 Europe/Berlin] PHP Warning:  include(conn.php): Failed to open stream: No such file or directory in C:\xampp-v0.01\htdocs\ems\insidebar.php on line 20
[04-Mar-2026 15:28:00 Europe/Berlin] PHP Warning:  include(): Failed opening 'conn.php' for inclusion (include_path='C:\xampp-v0.01\php\PEAR') in C:\xampp-v0.01\htdocs\ems\insidebar.php on line 20
[04-Mar-2026 15:28:02 Europe/Berlin] PHP Warning:  include(conn.php): Failed to open stream: No such file or directory in C:\xampp-v0.01\htdocs\ems\insidebar.php on line 20
[04-Mar-2026 15:28:02 Europe/Berlin] PHP Warning:  include(): Failed opening 'conn.php' for inclusion (include_path='C:\xampp-v0.01\php\PEAR') in C:\xampp-v0.01\htdocs\ems\insidebar.php on line 20
[04-Mar-2026 15:28:33 Europe/Berlin] PHP Fatal error:  Cannot redeclare escape() (previously declared in C:\xampp-v0.01\htdocs\ems\config.php:91) in C:\xampp-v0.01\htdocs\ems\config.php on line 91
[04-Mar-2026 15:28:37 Europe/Berlin] PHP Fatal error:  Cannot redeclare escape() (previously declared in C:\xampp-v0.01\htdocs\ems\config.php:91) in C:\xampp-v0.01\htdocs\ems\config.php on line 91
[04-Mar-2026 15:28:38 Europe/Berlin] PHP Fatal error:  Cannot redeclare escape() (previously declared in C:\xampp-v0.01\htdocs\ems\config.php:91) in C:\xampp-v0.01\htdocs\ems\config.php on line 91
[04-Mar-2026 15:28:42 Europe/Berlin] PHP Fatal error:  Cannot redeclare escape() (previously declared in C:\xampp-v0.01\htdocs\ems\config.php:91) in C:\xampp-v0.01\htdocs\ems\config.php on line 91
[04-Mar-2026 15:28:44 Europe/Berlin] PHP Fatal error:  Cannot redeclare escape() (previously declared in C:\xampp-v0.01\htdocs\ems\config.php:91) in C:\xampp-v0.01\htdocs\ems\config.php on line 91
[04-Mar-2026 15:28:46 Europe/Berlin] PHP Fatal error:  Cannot redeclare escape() (previously declared in C:\xampp-v0.01\htdocs\ems\config.php:91) in C:\xampp-v0.01\htdocs\ems\config.php on line 91
[04-Mar-2026 15:28:48 Europe/Berlin] PHP Fatal error:  Cannot redeclare escape() (previously declared in C:\xampp-v0.01\htdocs\ems\config.php:91) in C:\xampp-v0.01\htdocs\ems\config.php on line 91
[04-Mar-2026 15:28:49 Europe/Berlin] PHP Fatal error:  Cannot redeclare escape() (previously declared in C:\xampp-v0.01\htdocs\ems\config.php:91) in C:\xampp-v0.01\htdocs\ems\config.php on line 91
[04-Mar-2026 15:28:52 Europe/Berlin] PHP Fatal error:  Cannot redeclare escape() (previously declared in C:\xampp-v0.01\htdocs\ems\config.php:91) in C:\xampp-v0.01\htdocs\ems\config.php on line 91
[04-Mar-2026 15:28:54 Europe/Berlin] PHP Fatal error:  Cannot redeclare escape() (previously declared in C:\xampp-v0.01\htdocs\ems\config.php:91) in C:\xampp-v0.01\htdocs\ems\config.php on line 91
[04-Mar-2026 15:28:55 Europe/Berlin] PHP Fatal error:  Cannot redeclare escape() (previously declared in C:\xampp-v0.01\htdocs\ems\config.php:91) in C:\xampp-v0.01\htdocs\ems\config.php on line 91
[04-Mar-2026 15:28:56 Europe/Berlin] PHP Fatal error:  Cannot redeclare escape() (previously declared in C:\xampp-v0.01\htdocs\ems\config.php:91) in C:\xampp-v0.01\htdocs\ems\config.php on line 91
[04-Mar-2026 15:28:58 Europe/Berlin] PHP Fatal error:  Cannot redeclare escape() (previously declared in C:\xampp-v0.01\htdocs\ems\config.php:91) in C:\xampp-v0.01\htdocs\ems\config.php on line 91
[04-Mar-2026 15:30:25 Europe/Berlin] PHP Fatal error:  Cannot redeclare escape() (previously declared in C:\xampp-v0.01\htdocs\ems\config.php:91) in C:\xampp-v0.01\htdocs\ems\config.php on line 91
[04-Mar-2026 15:30:27 Europe/Berlin] PHP Fatal error:  Cannot redeclare escape() (previously declared in C:\xampp-v0.01\htdocs\ems\config.php:91) in C:\xampp-v0.01\htdocs\ems\config.php on line 91
[04-Mar-2026 15:30:27 Europe/Berlin] PHP Fatal error:  Cannot redeclare escape() (previously declared in C:\xampp-v0.01\htdocs\ems\config.php:91) in C:\xampp-v0.01\htdocs\ems\config.php on line 91
[04-Mar-2026 15:30:28 Europe/Berlin] PHP Fatal error:  Cannot redeclare escape() (previously declared in C:\xampp-v0.01\htdocs\ems\config.php:91) in C:\xampp-v0.01\htdocs\ems\config.php on line 91
[04-Mar-2026 15:30:28 Europe/Berlin] PHP Fatal error:  Cannot redeclare escape() (previously declared in C:\xampp-v0.01\htdocs\ems\config.php:91) in C:\xampp-v0.01\htdocs\ems\config.php on line 91
[04-Mar-2026 15:31:32 Europe/Berlin] PHP Warning:  Undefined array key "icon" in C:\xampp-v0.01\htdocs\ems\includes\dynamic_nav.php on line 57
[04-Mar-2026 15:31:32 Europe/Berlin] PHP Warning:  Undefined array key "icon" in C:\xampp-v0.01\htdocs\ems\includes\dynamic_nav.php on line 57
[04-Mar-2026 15:31:32 Europe/Berlin] PHP Warning:  Undefined array key "icon" in C:\xampp-v0.01\htdocs\ems\includes\dynamic_nav.php on line 57
[04-Mar-2026 15:31:32 Europe/Berlin] PHP Warning:  Undefined array key "icon" in C:\xampp-v0.01\htdocs\ems\includes\dynamic_nav.php on line 57
[04-Mar-2026 15:31:32 Europe/Berlin] PHP Warning:  Undefined array key "icon" in C:\xampp-v0.01\htdocs\ems\includes\dynamic_nav.php on line 57
[04-Mar-2026 15:31:32 Europe/Berlin] PHP Fatal error:  Cannot redeclare escape() (previously declared in C:\xampp-v0.01\htdocs\ems\config.php:91) in C:\xampp-v0.01\htdocs\ems\config.php on line 91
[04-Mar-2026 15:31:39 Europe/Berlin] PHP Fatal error:  Cannot redeclare escape() (previously declared in C:\xampp-v0.01\htdocs\ems\config.php:91) in C:\xampp-v0.01\htdocs\ems\config.php on line 91
[04-Mar-2026 15:31:43 Europe/Berlin] PHP Fatal error:  Cannot redeclare escape() (previously declared in C:\xampp-v0.01\htdocs\ems\config.php:91) in C:\xampp-v0.01\htdocs\ems\config.php on line 91
[04-Mar-2026 15:31:47 Europe/Berlin] PHP Warning:  Undefined array key "icon" in C:\xampp-v0.01\htdocs\ems\includes\dynamic_nav.php on line 57
[04-Mar-2026 15:31:47 Europe/Berlin] PHP Warning:  Undefined array key "icon" in C:\xampp-v0.01\htdocs\ems\includes\dynamic_nav.php on line 57
[04-Mar-2026 15:31:47 Europe/Berlin] PHP Warning:  Undefined array key "icon" in C:\xampp-v0.01\htdocs\ems\includes\dynamic_nav.php on line 57
[04-Mar-2026 15:31:47 Europe/Berlin] PHP Warning:  Undefined array key "icon" in C:\xampp-v0.01\htdocs\ems\includes\dynamic_nav.php on line 57
[04-Mar-2026 15:31:47 Europe/Berlin] PHP Warning:  Undefined array key "icon" in C:\xampp-v0.01\htdocs\ems\includes\dynamic_nav.php on line 57
[04-Mar-2026 15:31:47 Europe/Berlin] PHP Fatal error:  Cannot redeclare escape() (previously declared in C:\xampp-v0.01\htdocs\ems\config.php:91) in C:\xampp-v0.01\htdocs\ems\config.php on line 91
[04-Mar-2026 15:32:38 Europe/Berlin] PHP Fatal error:  Cannot redeclare escape() (previously declared in C:\xampp-v0.01\htdocs\ems\config.php:91) in C:\xampp-v0.01\htdocs\ems\config.php on line 91
[04-Mar-2026 15:33:22 Europe/Berlin] PHP Fatal error:  Cannot redeclare escape() (previously declared in C:\xampp-v0.01\htdocs\ems\config.php:91) in C:\xampp-v0.01\htdocs\ems\config.php on line 91
[04-Mar-2026 15:35:09 Europe/Berlin] PHP Warning:  Undefined array key "icon" in C:\xampp-v0.01\htdocs\ems\includes\dynamic_nav.php on line 57
[04-Mar-2026 15:35:09 Europe/Berlin] PHP Warning:  Undefined array key "icon" in C:\xampp-v0.01\htdocs\ems\includes\dynamic_nav.php on line 57
[04-Mar-2026 15:35:09 Europe/Berlin] PHP Warning:  Undefined array key "icon" in C:\xampp-v0.01\htdocs\ems\includes\dynamic_nav.php on line 57
[04-Mar-2026 15:35:09 Europe/Berlin] PHP Warning:  Undefined array key "icon" in C:\xampp-v0.01\htdocs\ems\includes\dynamic_nav.php on line 57
[04-Mar-2026 15:35:09 Europe/Berlin] PHP Warning:  Undefined array key "icon" in C:\xampp-v0.01\htdocs\ems\includes\dynamic_nav.php on line 57
[04-Mar-2026 15:35:09 Europe/Berlin] PHP Fatal error:  Cannot redeclare escape() (previously declared in C:\xampp-v0.01\htdocs\ems\config.php:91) in C:\xampp-v0.01\htdocs\ems\config.php on line 91
[04-Mar-2026 15:35:10 Europe/Berlin] PHP Fatal error:  Cannot redeclare escape() (previously declared in C:\xampp-v0.01\htdocs\ems\config.php:91) in C:\xampp-v0.01\htdocs\ems\config.php on line 91
[04-Mar-2026 15:35:12 Europe/Berlin] PHP Fatal error:  Cannot redeclare escape() (previously declared in C:\xampp-v0.01\htdocs\ems\config.php:91) in C:\xampp-v0.01\htdocs\ems\config.php on line 91
[04-Mar-2026 15:35:14 Europe/Berlin] PHP Fatal error:  Cannot redeclare escape() (previously declared in C:\xampp-v0.01\htdocs\ems\config.php:91) in C:\xampp-v0.01\htdocs\ems\config.php on line 91
[04-Mar-2026 15:36:39 Europe/Berlin] PHP Warning:  require_once(C:\xampp-v0.01\htdocs\ems/../config.php): Failed to open stream: No such file or directory in C:\xampp-v0.01\htdocs\ems\insidebar.php on line 4
[04-Mar-2026 15:36:39 Europe/Berlin] PHP Fatal error:  Uncaught Error: Failed opening required 'C:\xampp-v0.01\htdocs\ems/../config.php' (include_path='C:\xampp-v0.01\php\PEAR') in C:\xampp-v0.01\htdocs\ems\insidebar.php:4
Stack trace:
#0 C:\xampp-v0.01\htdocs\ems\main\dashboard.php(434): include()
#1 {main}
  thrown in C:\xampp-v0.01\htdocs\ems\insidebar.php on line 4
[04-Mar-2026 15:37:23 Europe/Berlin] PHP Fatal error:  Cannot redeclare escape() (previously declared in C:\xampp-v0.01\htdocs\ems\config.php:91) in C:\xampp-v0.01\htdocs\ems\config.php on line 91
[04-Mar-2026 15:37:27 Europe/Berlin] PHP Fatal error:  Cannot redeclare escape() (previously declared in C:\xampp-v0.01\htdocs\ems\config.php:91) in C:\xampp-v0.01\htdocs\ems\config.php on line 91
[04-Mar-2026 15:37:29 Europe/Berlin] PHP Fatal error:  Cannot redeclare escape() (previously declared in C:\xampp-v0.01\htdocs\ems\config.php:91) in C:\xampp-v0.01\htdocs\ems\config.php on line 91
[04-Mar-2026 15:38:52 Europe/Berlin] PHP Fatal error:  Cannot redeclare escape() (previously declared in C:\xampp-v0.01\htdocs\ems\config.php:91) in C:\xampp-v0.01\htdocs\ems\config.php on line 91
[04-Mar-2026 15:38:58 Europe/Berlin] PHP Fatal error:  Cannot redeclare escape() (previously declared in C:\xampp-v0.01\htdocs\ems\config.php:91) in C:\xampp-v0.01\htdocs\ems\config.php on line 91
[04-Mar-2026 15:39:04 Europe/Berlin] PHP Fatal error:  Cannot redeclare escape() (previously declared in C:\xampp-v0.01\htdocs\ems\config.php:91) in C:\xampp-v0.01\htdocs\ems\config.php on line 91
[04-Mar-2026 15:39:36 Europe/Berlin] PHP Warning:  Undefined variable $where in C:\xampp-v0.01\htdocs\ems\Settings\modules.php on line 196
[04-Mar-2026 15:40:04 Europe/Berlin] PHP Fatal error:  Cannot redeclare escape() (previously declared in C:\xampp-v0.01\htdocs\ems\config.php:91) in C:\xampp-v0.01\htdocs\ems\config.php on line 91
[04-Mar-2026 15:40:16 Europe/Berlin] PHP Fatal error:  Cannot redeclare escape() (previously declared in C:\xampp-v0.01\htdocs\ems\config.php:91) in C:\xampp-v0.01\htdocs\ems\config.php on line 91
[04-Mar-2026 15:40:53 Europe/Berlin] PHP Fatal error:  Cannot redeclare escape() (previously declared in C:\xampp-v0.01\htdocs\ems\config.php:91) in C:\xampp-v0.01\htdocs\ems\config.php on line 91
[04-Mar-2026 15:41:27 Europe/Berlin] PHP Warning:  Undefined variable $where in C:\xampp-v0.01\htdocs\ems\Settings\modules.php on line 196
[04-Mar-2026 15:42:02 Europe/Berlin] PHP Fatal error:  Cannot redeclare escape() (previously declared in C:\xampp-v0.01\htdocs\ems\config.php:91) in C:\xampp-v0.01\htdocs\ems\config.php on line 91
[04-Mar-2026 15:42:07 Europe/Berlin] PHP Fatal error:  Cannot redeclare escape() (previously declared in C:\xampp-v0.01\htdocs\ems\config.php:91) in C:\xampp-v0.01\htdocs\ems\config.php on line 91
[04-Mar-2026 15:43:06 Europe/Berlin] PHP Warning:  Undefined variable $where in C:\xampp-v0.01\htdocs\ems\Settings\modules.php on line 196
[04-Mar-2026 15:43:23 Europe/Berlin] PHP Warning:  Undefined variable $where in C:\xampp-v0.01\htdocs\ems\Settings\modules.php on line 196
[04-Mar-2026 15:43:57 Europe/Berlin] PHP Warning:  Undefined variable $where in C:\xampp-v0.01\htdocs\ems\Settings\modules.php on line 196
[04-Mar-2026 15:46:33 Europe/Berlin] PHP Warning:  Undefined variable $where in C:\xampp-v0.01\htdocs\ems\Settings\modules.php on line 196
[04-Mar-2026 15:47:50 Europe/Berlin] PHP Fatal error:  Cannot redeclare escape() (previously declared in C:\xampp-v0.01\htdocs\ems\config.php:91) in C:\xampp-v0.01\htdocs\ems\config.php on line 91
[04-Mar-2026 16:00:13 Europe/Berlin] PHP Warning:  Undefined variable $where in C:\xampp-v0.01\htdocs\ems\Settings\modules.php on line 196
[04-Mar-2026 16:00:33 Europe/Berlin] PHP Warning:  Undefined variable $where in C:\xampp-v0.01\htdocs\ems\Settings\modules.php on line 196
[04-Mar-2026 16:04:03 Europe/Berlin] PHP Warning:  Undefined variable $where in C:\xampp-v0.01\htdocs\ems\Settings\modules.php on line 196
[04-Mar-2026 16:04:54 Europe/Berlin] PHP Warning:  Undefined variable $where in C:\xampp-v0.01\htdocs\ems\Settings\modules.php on line 196
[04-Mar-2026 16:06:25 Europe/Berlin] PHP Warning:  Undefined variable $where in C:\xampp-v0.01\htdocs\ems\Settings\modules.php on line 196
[04-Mar-2026 16:06:45 Europe/Berlin] PHP Warning:  Undefined variable $where in C:\xampp-v0.01\htdocs\ems\Settings\modules.php on line 196
[04-Mar-2026 16:16:53 Europe/Berlin] PHP Warning:  Undefined variable $where in C:\xampp-v0.01\htdocs\ems\Settings\modules.php on line 196
[04-Mar-2026 16:41:32 Europe/Berlin] PHP Warning:  Undefined variable $where in C:\xampp-v0.01\htdocs\ems\Settings\modules.php on line 196
[04-Mar-2026 16:57:42 Europe/Berlin] PHP Warning:  Undefined variable $where in C:\xampp-v0.01\htdocs\ems\Settings\modules.php on line 196
[04-Mar-2026 16:58:59 Europe/Berlin] PHP Warning:  Undefined variable $where in C:\xampp-v0.01\htdocs\ems\Settings\modules.php on line 196
[04-Mar-2026 16:59:22 Europe/Berlin] PHP Warning:  Undefined variable $where in C:\xampp-v0.01\htdocs\ems\Settings\modules.php on line 196
[04-Mar-2026 17:00:40 Europe/Berlin] PHP Warning:  Undefined variable $where in C:\xampp-v0.01\htdocs\ems\Settings\modules.php on line 196
[04-Mar-2026 17:01:02 Europe/Berlin] PHP Warning:  Undefined variable $where in C:\xampp-v0.01\htdocs\ems\Settings\modules.php on line 196
[04-Mar-2026 17:39:27 Europe/Berlin] PHP Warning:  Undefined variable $where in C:\xampp-v0.01\htdocs\ems\Settings\modules.php on line 196
[04-Mar-2026 17:39:45 Europe/Berlin] PHP Warning:  Undefined variable $where in C:\xampp-v0.01\htdocs\ems\Settings\modules.php on line 196
[04-Mar-2026 17:57:37 Europe/Berlin] PHP Warning:  Undefined variable $page_title in C:\xampp-v0.01\htdocs\ems\inheader.php on line 6
[04-Mar-2026 17:58:01 Europe/Berlin] PHP Warning:  Undefined variable $page_title in C:\xampp-v0.01\htdocs\ems\inheader.php on line 6
[04-Mar-2026 17:59:21 Europe/Berlin] PHP Warning:  Undefined variable $page_title in C:\xampp-v0.01\htdocs\ems\inheader.php on line 6
[04-Mar-2026 17:59:33 Europe/Berlin] PHP Warning:  Undefined variable $page_title in C:\xampp-v0.01\htdocs\ems\inheader.php on line 6
[04-Mar-2026 18:00:01 Europe/Berlin] PHP Warning:  Undefined variable $page_title in C:\xampp-v0.01\htdocs\ems\inheader.php on line 6
[04-Mar-2026 18:04:03 Europe/Berlin] PHP Warning:  Undefined variable $page_title in C:\xampp-v0.01\htdocs\ems\inheader.php on line 6
[04-Mar-2026 18:04:29 Europe/Berlin] PHP Warning:  Undefined variable $page_title in C:\xampp-v0.01\htdocs\ems\inheader.php on line 6
[04-Mar-2026 18:04:32 Europe/Berlin] PHP Warning:  Undefined variable $page_title in C:\xampp-v0.01\htdocs\ems\inheader.php on line 6
[04-Mar-2026 18:04:57 Europe/Berlin] PHP Warning:  Undefined variable $page_title in C:\xampp-v0.01\htdocs\ems\inheader.php on line 6
[04-Mar-2026 18:05:07 Europe/Berlin] PHP Warning:  Undefined variable $page_title in C:\xampp-v0.01\htdocs\ems\inheader.php on line 6
[04-Mar-2026 18:05:16 Europe/Berlin] PHP Warning:  Undefined variable $page_title in C:\xampp-v0.01\htdocs\ems\inheader.php on line 6
[04-Mar-2026 18:05:38 Europe/Berlin] PHP Warning:  Undefined variable $page_title in C:\xampp-v0.01\htdocs\ems\inheader.php on line 6
[04-Mar-2026 18:05:39 Europe/Berlin] PHP Warning:  Undefined variable $page_title in C:\xampp-v0.01\htdocs\ems\inheader.php on line 6
[04-Mar-2026 18:06:28 Europe/Berlin] PHP Warning:  Undefined variable $page_title in C:\xampp-v0.01\htdocs\ems\inheader.php on line 6
[04-Mar-2026 18:06:32 Europe/Berlin] PHP Warning:  Undefined variable $page_title in C:\xampp-v0.01\htdocs\ems\inheader.php on line 6
[04-Mar-2026 18:06:42 Europe/Berlin] PHP Warning:  Undefined variable $page_title in C:\xampp-v0.01\htdocs\ems\inheader.php on line 6
[04-Mar-2026 18:06:49 Europe/Berlin] PHP Warning:  Undefined variable $page_title in C:\xampp-v0.01\htdocs\ems\inheader.php on line 6
[04-Mar-2026 18:06:53 Europe/Berlin] PHP Warning:  Undefined variable $page_title in C:\xampp-v0.01\htdocs\ems\inheader.php on line 6
[04-Mar-2026 18:07:01 Europe/Berlin] PHP Warning:  Undefined variable $page_title in C:\xampp-v0.01\htdocs\ems\inheader.php on line 6
[04-Mar-2026 18:07:10 Europe/Berlin] PHP Warning:  Undefined variable $page_title in C:\xampp-v0.01\htdocs\ems\inheader.php on line 6
